<?xml version="1.0" encoding="UTF-8"?>
<testng-results skipped="0" failed="1" total="5" passed="4">
  <reporter-output>
  </reporter-output>
  <suite name="Default suite" duration-ms="56831" started-at="2014-07-16T20:47:48Z" finished-at="2014-07-16T20:48:45Z">
    <groups>
    </groups>
    <test name="Default test" duration-ms="56831" started-at="2014-07-16T20:47:48Z" finished-at="2014-07-16T20:48:45Z">
      <class name="com.mint.test.LoginTests">
        <test-method status="PASS" signature="beforeMethod()[pri:0, instance:com.mint.test.LoginTests@2471cca7]" name="beforeMethod" is-config="true" duration-ms="7666" started-at="2014-07-16T13:47:48Z" finished-at="2014-07-16T13:47:56Z">
          <reporter-output>
          </reporter-output>
        </test-method> <!-- beforeMethod -->
        <test-method status="PASS" signature="testCanadaPage()[pri:0, instance:com.mint.test.LoginTests@2471cca7]" name="testCanadaPage" duration-ms="1446" started-at="2014-07-16T13:47:56Z" finished-at="2014-07-16T13:47:57Z">
          <reporter-output>
          </reporter-output>
        </test-method> <!-- testCanadaPage -->
        <test-method status="PASS" signature="afterMethod()[pri:0, instance:com.mint.test.LoginTests@2471cca7]" name="afterMethod" is-config="true" duration-ms="1" started-at="2014-07-16T13:47:57Z" finished-at="2014-07-16T13:47:57Z">
          <reporter-output>
          </reporter-output>
        </test-method> <!-- afterMethod -->
        <test-method status="PASS" signature="beforeMethod()[pri:0, instance:com.mint.test.LoginTests@2471cca7]" name="beforeMethod" is-config="true" duration-ms="5382" started-at="2014-07-16T13:47:57Z" finished-at="2014-07-16T13:48:03Z">
          <reporter-output>
          </reporter-output>
        </test-method> <!-- beforeMethod -->
        <test-method status="PASS" signature="testForgotPassword()[pri:0, instance:com.mint.test.LoginTests@2471cca7]" name="testForgotPassword" duration-ms="4056" started-at="2014-07-16T13:48:03Z" finished-at="2014-07-16T13:48:07Z">
          <reporter-output>
          </reporter-output>
        </test-method> <!-- testForgotPassword -->
        <test-method status="PASS" signature="afterMethod()[pri:0, instance:com.mint.test.LoginTests@2471cca7]" name="afterMethod" is-config="true" duration-ms="1" started-at="2014-07-16T13:48:07Z" finished-at="2014-07-16T13:48:07Z">
          <reporter-output>
          </reporter-output>
        </test-method> <!-- afterMethod -->
        <test-method status="PASS" signature="beforeMethod()[pri:0, instance:com.mint.test.LoginTests@2471cca7]" name="beforeMethod" is-config="true" duration-ms="5801" started-at="2014-07-16T13:48:07Z" finished-at="2014-07-16T13:48:13Z">
          <reporter-output>
          </reporter-output>
        </test-method> <!-- beforeMethod -->
        <test-method status="FAIL" signature="testLoginFromHomePage()[pri:0, instance:com.mint.test.LoginTests@2471cca7]" name="testLoginFromHomePage" duration-ms="10156" started-at="2014-07-16T13:48:13Z" finished-at="2014-07-16T13:48:23Z">
          <exception class="org.openqa.selenium.ElementNotVisibleException">
            <message>
              <![CDATA[element not visible
  (Session info: chrome=35.0.1916.153)
  (Driver info: chromedriver=2.10.267521,platform=Windows NT 6.3 x86_64) (WARNING: The server did not provide any stacktrace information)
Command duration or timeout: 10.09 seconds
Build info: version: '2.42.2', revision: '6a6995d', time: '2014-06-03 17:42:30'
System info: host: 'Andrew-Laptop', ip: '10.0.0.2', os.name: 'Windows 8.1', os.arch: 'amd64', os.version: '6.3', java.version: '1.8.0_05'
Driver info: org.openqa.selenium.chrome.ChromeDriver
Capabilities [{applicationCacheEnabled=false, rotatable=false, chrome={userDataDir=C:\Users\Andrew\AppData\Local\Temp\scoped_dir5508_147}, takesHeapSnapshot=true, databaseEnabled=false, handlesAlerts=true, version=35.0.1916.153, platform=WIN8_1, browserConnectionEnabled=false, nativeEvents=true, acceptSslCerts=true, locationContextEnabled=true, webStorageEnabled=true, browserName=chrome, takesScreenshot=true, javascriptEnabled=true, cssSelectorsEnabled=true}]
Session ID: 412e558b11063abf6431e263097a116c]]>
            </message>
            <full-stacktrace>
              <![CDATA[org.openqa.selenium.ElementNotVisibleException: element not visible
  (Session info: chrome=35.0.1916.153)
  (Driver info: chromedriver=2.10.267521,platform=Windows NT 6.3 x86_64) (WARNING: The server did not provide any stacktrace information)
Command duration or timeout: 10.09 seconds
Build info: version: '2.42.2', revision: '6a6995d', time: '2014-06-03 17:42:30'
System info: host: 'Andrew-Laptop', ip: '10.0.0.2', os.name: 'Windows 8.1', os.arch: 'amd64', os.version: '6.3', java.version: '1.8.0_05'
Driver info: org.openqa.selenium.chrome.ChromeDriver
Capabilities [{applicationCacheEnabled=false, rotatable=false, chrome={userDataDir=C:\Users\Andrew\AppData\Local\Temp\scoped_dir5508_147}, takesHeapSnapshot=true, databaseEnabled=false, handlesAlerts=true, version=35.0.1916.153, platform=WIN8_1, browserConnectionEnabled=false, nativeEvents=true, acceptSslCerts=true, locationContextEnabled=true, webStorageEnabled=true, browserName=chrome, takesScreenshot=true, javascriptEnabled=true, cssSelectorsEnabled=true}]
Session ID: 412e558b11063abf6431e263097a116c
	at sun.reflect.NativeConstructorAccessorImpl.newInstance0(Native Method)
	at sun.reflect.NativeConstructorAccessorImpl.newInstance(Unknown Source)
	at sun.reflect.DelegatingConstructorAccessorImpl.newInstance(Unknown Source)
	at java.lang.reflect.Constructor.newInstance(Unknown Source)
	at org.openqa.selenium.remote.ErrorHandler.createThrowable(ErrorHandler.java:204)
	at org.openqa.selenium.remote.ErrorHandler.throwIfResponseFailed(ErrorHandler.java:156)
	at org.openqa.selenium.remote.RemoteWebDriver.execute(RemoteWebDriver.java:599)
	at org.openqa.selenium.remote.RemoteWebElement.execute(RemoteWebElement.java:268)
	at org.openqa.selenium.remote.RemoteWebElement.sendKeys(RemoteWebElement.java:89)
	at com.mint.pages.HomePage.login(HomePage.java:15)
	at com.mint.test.LoginTests.testLoginFromHomePage(LoginTests.java:47)
	at sun.reflect.NativeMethodAccessorImpl.invoke0(Native Method)
	at sun.reflect.NativeMethodAccessorImpl.invoke(Unknown Source)
	at sun.reflect.DelegatingMethodAccessorImpl.invoke(Unknown Source)
	at java.lang.reflect.Method.invoke(Unknown Source)
	at org.testng.internal.MethodInvocationHelper.invokeMethod(MethodInvocationHelper.java:84)
	at org.testng.internal.Invoker.invokeMethod(Invoker.java:714)
	at org.testng.internal.Invoker.invokeTestMethod(Invoker.java:901)
	at org.testng.internal.Invoker.invokeTestMethods(Invoker.java:1231)
	at org.testng.internal.TestMethodWorker.invokeTestMethods(TestMethodWorker.java:127)
	at org.testng.internal.TestMethodWorker.run(TestMethodWorker.java:111)
	at org.testng.TestRunner.privateRun(TestRunner.java:767)
	at org.testng.TestRunner.run(TestRunner.java:617)
	at org.testng.SuiteRunner.runTest(SuiteRunner.java:334)
	at org.testng.SuiteRunner.runSequentially(SuiteRunner.java:329)
	at org.testng.SuiteRunner.privateRun(SuiteRunner.java:291)
	at org.testng.SuiteRunner.run(SuiteRunner.java:240)
	at org.testng.SuiteRunnerWorker.runSuite(SuiteRunnerWorker.java:52)
	at org.testng.SuiteRunnerWorker.run(SuiteRunnerWorker.java:86)
	at org.testng.TestNG.runSuitesSequentially(TestNG.java:1224)
	at org.testng.TestNG.runSuitesLocally(TestNG.java:1149)
	at org.testng.TestNG.run(TestNG.java:1057)
	at org.testng.remote.RemoteTestNG.run(RemoteTestNG.java:111)
	at org.testng.remote.RemoteTestNG.initAndRun(RemoteTestNG.java:204)
	at org.testng.remote.RemoteTestNG.main(RemoteTestNG.java:175)
]]>
            </full-stacktrace>
          </exception> <!-- org.openqa.selenium.ElementNotVisibleException -->
          <reporter-output>
          </reporter-output>
        </test-method> <!-- testLoginFromHomePage -->
        <test-method status="PASS" signature="afterMethod()[pri:0, instance:com.mint.test.LoginTests@2471cca7]" name="afterMethod" is-config="true" duration-ms="1" started-at="2014-07-16T13:48:23Z" finished-at="2014-07-16T13:48:23Z">
          <reporter-output>
          </reporter-output>
        </test-method> <!-- afterMethod -->
        <test-method status="PASS" signature="beforeMethod()[pri:0, instance:com.mint.test.LoginTests@2471cca7]" name="beforeMethod" is-config="true" duration-ms="6401" started-at="2014-07-16T13:48:23Z" finished-at="2014-07-16T13:48:29Z">
          <reporter-output>
          </reporter-output>
        </test-method> <!-- beforeMethod -->
        <test-method status="PASS" signature="testSignupInvalidEmail()[pri:0, instance:com.mint.test.LoginTests@2471cca7]" name="testSignupInvalidEmail" duration-ms="694" started-at="2014-07-16T13:48:29Z" finished-at="2014-07-16T13:48:30Z">
          <reporter-output>
          </reporter-output>
        </test-method> <!-- testSignupInvalidEmail -->
        <test-method status="PASS" signature="beforeMethod()[pri:0, instance:com.mint.test.LoginTests@2471cca7]" name="beforeMethod" is-config="true" duration-ms="7009" started-at="2014-07-16T13:48:30Z" finished-at="2014-07-16T13:48:37Z">
          <reporter-output>
          </reporter-output>
        </test-method> <!-- beforeMethod -->
        <test-method status="PASS" signature="afterMethod()[pri:0, instance:com.mint.test.LoginTests@2471cca7]" name="afterMethod" is-config="true" duration-ms="0" started-at="2014-07-16T13:48:30Z" finished-at="2014-07-16T13:48:30Z">
          <reporter-output>
          </reporter-output>
        </test-method> <!-- afterMethod -->
        <test-method status="PASS" signature="testValidLogin()[pri:0, instance:com.mint.test.LoginTests@2471cca7]" name="testValidLogin" duration-ms="8165" started-at="2014-07-16T13:48:37Z" finished-at="2014-07-16T13:48:45Z">
          <reporter-output>
          </reporter-output>
        </test-method> <!-- testValidLogin -->
        <test-method status="PASS" signature="afterMethod()[pri:0, instance:com.mint.test.LoginTests@2471cca7]" name="afterMethod" is-config="true" duration-ms="0" started-at="2014-07-16T13:48:45Z" finished-at="2014-07-16T13:48:45Z">
          <reporter-output>
          </reporter-output>
        </test-method> <!-- afterMethod -->
      </class> <!-- com.mint.test.LoginTests -->
    </test> <!-- Default test -->
  </suite> <!-- Default suite -->
</testng-results>
